2025-04-28 16:15:55.915+0000 [id=1]	INFO	winstone.Logger#logInternal: Beginning extraction from war file
2025-04-28 16:15:59.370+0000 [id=1]	WARNING	o.e.j.ee9.nested.ContextHandler#setContextPath: Empty contextPath
2025-04-28 16:15:59.653+0000 [id=1]	INFO	org.eclipse.jetty.server.Server#doStart: jetty-12.0.17; built: 2025-03-03T13:15:05.903Z; git: 14d19c268e4cb09afc312b5255a4cbb7a95c5cb6; jvm 17.0.12+8-LTS-286
2025-04-28 16:16:02.318+0000 [id=1]	INFO	o.e.j.e.w.StandardDescriptorProcessor#visitServlet: NO JSP Support for /, did not find org.eclipse.jetty.ee9.jsp.JettyJspServlet
2025-04-28 16:16:02.509+0000 [id=1]	INFO	o.e.j.s.DefaultSessionIdManager#doStart: Session workerName=node0
2025-04-28 16:16:04.382+0000 [id=1]	INFO	hudson.WebAppMain#contextInitialized: Jenkins home directory: C:\ProgramData\Jenkins\.jenkins found at: EnvVars.masterEnvVars.get("JENKINS_HOME")
2025-04-28 16:16:04.726+0000 [id=1]	INFO	o.e.j.s.handler.ContextHandler#doStart: Started oeje9n.ContextHandler$CoreContextHandler@7d0614f{Jenkins v2.492.3,/,b=file:///C:/ProgramData/Jenkins/war/,a=AVAILABLE,h=oeje9n.ContextHandler$CoreContextHandler$CoreToNestedHandler@627d8516{STARTED}}
2025-04-28 16:16:04.867+0000 [id=1]	INFO	o.e.j.server.AbstractConnector#doStart: Started ServerConnector@6401d0a0{HTTP/1.1, (http/1.1)}{0.0.0.0:8080}
2025-04-28 16:16:04.917+0000 [id=1]	INFO	org.eclipse.jetty.server.Server#doStart: Started oejs.Server@13330ac6{STARTING}[12.0.17,sto=0] @10529ms
2025-04-28 16:16:04.933+0000 [id=35]	INFO	winstone.Logger#logInternal: Winstone Servlet Engine running: controlPort=disabled
2025-04-28 16:16:05.416+0000 [id=33]	INFO	jenkins.model.Jenkins#<init>: Starting version 2.492.3
2025-04-28 16:16:05.768+0000 [id=43]	INFO	jenkins.InitReactorRunner$1#onAttained: Started initialization
2025-04-28 16:16:05.777+0000 [id=63]	INFO	jenkins.InitReactorRunner$1#onAttained: Listed all plugins
2025-04-28 16:16:09.641+0000 [id=55]	INFO	jenkins.InitReactorRunner$1#onAttained: Prepared all plugins
2025-04-28 16:16:09.718+0000 [id=41]	INFO	jenkins.InitReactorRunner$1#onAttained: Started all plugins
2025-04-28 16:16:09.718+0000 [id=51]	INFO	jenkins.InitReactorRunner$1#onAttained: Augmented all extensions
2025-04-28 16:16:10.688+0000 [id=69]	INFO	jenkins.InitReactorRunner$1#onAttained: System config loaded
2025-04-28 16:16:10.688+0000 [id=71]	INFO	jenkins.InitReactorRunner$1#onAttained: System config adapted
2025-04-28 16:16:10.688+0000 [id=42]	INFO	jenkins.InitReactorRunner$1#onAttained: Loaded all jobs
2025-04-28 16:16:10.688+0000 [id=48]	INFO	jenkins.InitReactorRunner$1#onAttained: Configuration for all jobs updated
2025-04-28 16:16:10.819+0000 [id=85]	INFO	hudson.util.Retrier#start: Attempt #1 to do the action check updates server
2025-04-28 16:16:12.357+0000 [id=63]	INFO	jenkins.install.SetupWizard#init: 

*************************************************************
*************************************************************
*************************************************************

Jenkins initial setup is required. An admin user has been created and a password generated.
Please use the following password to proceed to installation:

b69d1e3f8f8b43f4961a512fda89ba65

This may also be found at: C:\ProgramData\Jenkins\.jenkins\secrets\initialAdminPassword

*************************************************************
*************************************************************
*************************************************************

2025-04-28 16:16:23.565+0000 [id=63]	INFO	jenkins.InitReactorRunner$1#onAttained: Completed initialization
2025-04-28 16:16:23.618+0000 [id=33]	INFO	hudson.lifecycle.Lifecycle#onReady: Jenkins is fully up and running
2025-04-28 16:16:25.784+0000 [id=85]	INFO	h.m.DownloadService$Downloadable#load: Obtained the updated data file for hudson.tasks.Maven.MavenInstaller
2025-04-28 16:16:25.793+0000 [id=85]	INFO	hudson.util.Retrier#start: Performed the action check updates server successfully at the attempt #1
2025-04-28 16:18:39.463+0000 [id=116]	INFO	hudson.PluginManager#install: Starting installation of a batch of 20 plugins plus their dependencies
2025-04-28 16:18:39.472+0000 [id=116]	INFO	hudson.model.UpdateSite$Plugin#deploy: Adding dependent install of ionicons-api for plugin cloudbees-folder
2025-04-28 16:18:39.473+0000 [id=116]	INFO	hudson.model.UpdateSite$Plugin#deploy: Adding dependent install of json-path-api for plugin build-timeout
2025-04-28 16:18:39.473+0000 [id=116]	INFO	hudson.model.UpdateSite$Plugin#deploy: Adding dependent install of asm-api for plugin json-path-api
2025-04-28 16:18:39.473+0000 [id=134]	INFO	h.model.UpdateCenter$DownloadJob#run: Starting the installation of ionicons-api on behalf of admin
2025-04-28 16:18:39.477+0000 [id=116]	INFO	hudson.model.UpdateSite$Plugin#deploy: Adding dependent install of token-macro for plugin build-timeout
2025-04-28 16:18:39.479+0000 [id=116]	INFO	hudson.model.UpdateSite$Plugin#deploy: Adding dependent install of structs for plugin token-macro
2025-04-28 16:18:39.479+0000 [id=116]	INFO	hudson.model.UpdateSite$Plugin#deploy: Adding dependent install of workflow-step-api for plugin token-macro
2025-04-28 16:18:39.480+0000 [id=116]	INFO	hudson.model.UpdateSite$Plugin#deploy: Adding dependent install of plain-credentials for plugin credentials-binding
2025-04-28 16:18:39.480+0000 [id=116]	INFO	hudson.model.UpdateSite$Plugin#deploy: Adding dependent install of credentials for plugin plain-credentials
2025-04-28 16:18:39.480+0000 [id=116]	INFO	hudson.model.UpdateSite$Plugin#deploy: Adding dependent install of bouncycastle-api for plugin credentials
2025-04-28 16:18:39.480+0000 [id=116]	INFO	hudson.model.UpdateSite$Plugin#deploy: Adding dependent install of ssh-credentials for plugin credentials-binding
2025-04-28 16:18:39.480+0000 [id=116]	INFO	hudson.model.UpdateSite$Plugin#deploy: Adding dependent install of variant for plugin ssh-credentials
2025-04-28 16:18:39.485+0000 [id=116]	INFO	hudson.model.UpdateSite$Plugin#deploy: Adding dependent install of workflow-api for plugin timestamper
2025-04-28 16:18:39.485+0000 [id=116]	INFO	hudson.model.UpdateSite$Plugin#deploy: Adding dependent install of scm-api for plugin workflow-api
2025-04-28 16:18:39.486+0000 [id=116]	INFO	hudson.model.UpdateSite$Plugin#deploy: Adding dependent install of commons-lang3-api for plugin timestamper
2025-04-28 16:18:39.486+0000 [id=116]	INFO	hudson.model.UpdateSite$Plugin#deploy: Adding dependent install of matrix-project for plugin ws-cleanup
2025-04-28 16:18:39.486+0000 [id=116]	INFO	hudson.model.UpdateSite$Plugin#deploy: Adding dependent install of script-security for plugin matrix-project
2025-04-28 16:18:39.486+0000 [id=116]	INFO	hudson.model.UpdateSite$Plugin#deploy: Adding dependent install of caffeine-api for plugin script-security
2025-04-28 16:18:39.486+0000 [id=116]	INFO	hudson.model.UpdateSite$Plugin#deploy: Adding dependent install of junit for plugin matrix-project
2025-04-28 16:18:39.486+0000 [id=116]	INFO	hudson.model.UpdateSite$Plugin#deploy: Adding dependent install of jackson2-api for plugin junit
2025-04-28 16:18:39.486+0000 [id=116]	INFO	hudson.model.UpdateSite$Plugin#deploy: Adding dependent install of jaxb for plugin jackson2-api
2025-04-28 16:18:39.486+0000 [id=116]	INFO	hudson.model.UpdateSite$Plugin#deploy: Adding dependent install of javax-activation-api for plugin jaxb
2025-04-28 16:18:39.486+0000 [id=116]	INFO	hudson.model.UpdateSite$Plugin#deploy: Adding dependent install of snakeyaml-api for plugin jackson2-api
2025-04-28 16:18:39.493+0000 [id=116]	INFO	hudson.model.UpdateSite$Plugin#deploy: Adding dependent install of json-api for plugin jackson2-api
2025-04-28 16:18:39.493+0000 [id=116]	INFO	hudson.model.UpdateSite$Plugin#deploy: Adding dependent install of bootstrap5-api for plugin junit
2025-04-28 16:18:39.493+0000 [id=116]	INFO	hudson.model.UpdateSite$Plugin#deploy: Adding dependent install of font-awesome-api for plugin bootstrap5-api
2025-04-28 16:18:39.493+0000 [id=116]	INFO	hudson.model.UpdateSite$Plugin#deploy: Adding dependent install of commons-text-api for plugin font-awesome-api
2025-04-28 16:18:39.493+0000 [id=116]	INFO	hudson.model.UpdateSite$Plugin#deploy: Adding dependent install of plugin-util-api for plugin font-awesome-api
2025-04-28 16:18:39.493+0000 [id=116]	INFO	hudson.model.UpdateSite$Plugin#deploy: Adding dependent install of workflow-support for plugin plugin-util-api
2025-04-28 16:18:39.493+0000 [id=116]	INFO	hudson.model.UpdateSite$Plugin#deploy: Adding dependent install of echarts-api for plugin junit
2025-04-28 16:18:39.493+0000 [id=116]	INFO	hudson.model.UpdateSite$Plugin#deploy: Adding dependent install of jquery3-api for plugin echarts-api
2025-04-28 16:18:39.493+0000 [id=116]	INFO	hudson.model.UpdateSite$Plugin#deploy: Adding dependent install of display-url-api for plugin junit
2025-04-28 16:18:39.493+0000 [id=116]	INFO	hudson.model.UpdateSite$Plugin#deploy: Adding dependent install of checks-api for plugin junit
2025-04-28 16:18:39.493+0000 [id=116]	INFO	hudson.model.UpdateSite$Plugin#deploy: Adding dependent install of resource-disposer for plugin ws-cleanup
2025-04-28 16:18:39.493+0000 [id=116]	INFO	hudson.model.UpdateSite$Plugin#deploy: Adding dependent install of okhttp-api for plugin gradle
2025-04-28 16:18:39.501+0000 [id=116]	INFO	hudson.model.UpdateSite$Plugin#deploy: Adding dependent install of workflow-durable-task-step for plugin gradle
2025-04-28 16:18:39.501+0000 [id=134]	INFO	h.m.UpdateCenter$UpdateCenterConfiguration#download: Downloading ionicons-api
2025-04-28 16:18:39.502+0000 [id=116]	INFO	hudson.model.UpdateSite$Plugin#deploy: Adding dependent install of durable-task for plugin workflow-durable-task-step
2025-04-28 16:18:39.502+0000 [id=116]	INFO	hudson.model.UpdateSite$Plugin#deploy: Adding dependent install of workflow-cps for plugin gradle
2025-04-28 16:18:39.502+0000 [id=116]	INFO	hudson.model.UpdateSite$Plugin#deploy: Adding dependent install of workflow-scm-step for plugin workflow-cps
2025-04-28 16:18:39.504+0000 [id=116]	INFO	hudson.model.UpdateSite$Plugin#deploy: Adding dependent install of workflow-job for plugin gradle
2025-04-28 16:18:39.504+0000 [id=116]	INFO	hudson.model.UpdateSite$Plugin#deploy: Adding dependent install of workflow-basic-steps for plugin gradle
2025-04-28 16:18:39.504+0000 [id=116]	INFO	hudson.model.UpdateSite$Plugin#deploy: Adding dependent install of jakarta-mail-api for plugin workflow-basic-steps
2025-04-28 16:18:39.507+0000 [id=116]	INFO	hudson.model.UpdateSite$Plugin#deploy: Adding dependent install of jakarta-activation-api for plugin jakarta-mail-api
2025-04-28 16:18:39.507+0000 [id=116]	INFO	hudson.model.UpdateSite$Plugin#deploy: Adding dependent install of apache-httpcomponents-client-4-api for plugin workflow-basic-steps
2025-04-28 16:18:39.507+0000 [id=116]	INFO	hudson.model.UpdateSite$Plugin#deploy: Adding dependent install of mailer for plugin workflow-basic-steps
2025-04-28 16:18:39.507+0000 [id=116]	INFO	hudson.model.UpdateSite$Plugin#deploy: Adding dependent install of instance-identity for plugin mailer
2025-04-28 16:18:39.510+0000 [id=116]	INFO	hudson.model.UpdateSite$Plugin#deploy: Adding dependent install of pipeline-milestone-step for plugin workflow-aggregator
2025-04-28 16:18:39.510+0000 [id=116]	INFO	hudson.model.UpdateSite$Plugin#deploy: Adding dependent install of pipeline-build-step for plugin workflow-aggregator
2025-04-28 16:18:39.510+0000 [id=116]	INFO	hudson.model.UpdateSite$Plugin#deploy: Adding dependent install of pipeline-groovy-lib for plugin workflow-aggregator
2025-04-28 16:18:39.510+0000 [id=116]	INFO	hudson.model.UpdateSite$Plugin#deploy: Adding dependent install of pipeline-model-definition for plugin workflow-aggregator
2025-04-28 16:18:39.515+0000 [id=116]	INFO	hudson.model.UpdateSite$Plugin#deploy: Adding dependent install of pipeline-model-extensions for plugin pipeline-model-definition
2025-04-28 16:18:39.515+0000 [id=116]	INFO	hudson.model.UpdateSite$Plugin#deploy: Adding dependent install of pipeline-stage-step for plugin pipeline-model-extensions
2025-04-28 16:18:39.517+0000 [id=116]	INFO	hudson.model.UpdateSite$Plugin#deploy: Adding dependent install of pipeline-model-api for plugin pipeline-model-extensions
2025-04-28 16:18:39.517+0000 [id=116]	INFO	hudson.model.UpdateSite$Plugin#deploy: Adding dependent install of joda-time-api for plugin pipeline-model-api
2025-04-28 16:18:39.517+0000 [id=116]	INFO	hudson.model.UpdateSite$Plugin#deploy: Adding dependent install of workflow-multibranch for plugin pipeline-model-definition
2025-04-28 16:18:39.517+0000 [id=116]	INFO	hudson.model.UpdateSite$Plugin#deploy: Adding dependent install of branch-api for plugin workflow-multibranch
2025-04-28 16:18:39.521+0000 [id=116]	INFO	hudson.model.UpdateSite$Plugin#deploy: Adding dependent install of pipeline-stage-tags-metadata for plugin pipeline-model-definition
2025-04-28 16:18:39.521+0000 [id=116]	INFO	hudson.model.UpdateSite$Plugin#deploy: Adding dependent install of pipeline-input-step for plugin pipeline-model-definition
2025-04-28 16:18:39.524+0000 [id=116]	INFO	hudson.model.UpdateSite$Plugin#deploy: Adding dependent install of jjwt-api for plugin github-branch-source
2025-04-28 16:18:39.524+0000 [id=116]	INFO	hudson.model.UpdateSite$Plugin#deploy: Adding dependent install of github-api for plugin github-branch-source
2025-04-28 16:18:39.524+0000 [id=116]	INFO	hudson.model.UpdateSite$Plugin#deploy: Adding dependent install of github for plugin github-branch-source
2025-04-28 16:18:39.524+0000 [id=116]	INFO	hudson.model.UpdateSite$Plugin#deploy: Adding dependent install of git for plugin github
2025-04-28 16:18:39.528+0000 [id=116]	INFO	hudson.model.UpdateSite$Plugin#deploy: Adding dependent install of git-client for plugin git
2025-04-28 16:18:39.529+0000 [id=116]	INFO	hudson.model.UpdateSite$Plugin#deploy: Adding dependent install of mina-sshd-api-core for plugin git-client
2025-04-28 16:18:39.529+0000 [id=116]	INFO	hudson.model.UpdateSite$Plugin#deploy: Adding dependent install of mina-sshd-api-common for plugin mina-sshd-api-core
2025-04-28 16:18:39.529+0000 [id=116]	INFO	hudson.model.UpdateSite$Plugin#deploy: Adding dependent install of gson-api for plugin git-client
2025-04-28 16:18:39.533+0000 [id=116]	INFO	hudson.model.UpdateSite$Plugin#deploy: Adding dependent install of pipeline-graph-analysis for plugin pipeline-graph-view
2025-04-28 16:18:39.535+0000 [id=116]	INFO	hudson.model.UpdateSite$Plugin#deploy: Adding dependent install of metrics for plugin pipeline-graph-view
2025-04-28 16:18:39.537+0000 [id=116]	INFO	hudson.model.UpdateSite$Plugin#deploy: Adding dependent install of trilead-api for plugin ssh-slaves
2025-04-28 16:18:39.537+0000 [id=116]	INFO	hudson.model.UpdateSite$Plugin#deploy: Adding dependent install of eddsa-api for plugin trilead-api
2025-04-28 16:18:39.537+0000 [id=116]	INFO	hudson.model.UpdateSite$Plugin#deploy: Adding dependent install of theme-manager for plugin dark-theme
2025-04-28 16:18:43.289+0000 [id=134]	INFO	h.model.UpdateCenter$DownloadJob#run: Installation successful: ionicons-api
2025-04-28 16:18:43.295+0000 [id=134]	INFO	h.model.UpdateCenter$DownloadJob#run: Starting the installation of cloudbees-folder on behalf of admin
2025-04-28 16:18:43.296+0000 [id=134]	INFO	h.m.UpdateCenter$UpdateCenterConfiguration#download: Downloading cloudbees-folder
2025-04-28 16:18:46.143+0000 [id=134]	INFO	h.model.UpdateCenter$DownloadJob#run: Installation successful: cloudbees-folder
2025-04-28 16:18:46.153+0000 [id=134]	INFO	h.model.UpdateCenter$DownloadJob#run: Starting the installation of antisamy-markup-formatter on behalf of admin
2025-04-28 16:18:46.153+0000 [id=134]	INFO	h.m.UpdateCenter$UpdateCenterConfiguration#download: Downloading antisamy-markup-formatter
2025-04-28 16:18:48.995+0000 [id=134]	INFO	h.model.UpdateCenter$DownloadJob#run: Installation successful: antisamy-markup-formatter
2025-04-28 16:18:48.995+0000 [id=134]	INFO	h.model.UpdateCenter$DownloadJob#run: Starting the installation of asm-api on behalf of admin
2025-04-28 16:18:49.011+0000 [id=134]	INFO	h.m.UpdateCenter$UpdateCenterConfiguration#download: Downloading asm-api
2025-04-28 16:18:51.252+0000 [id=134]	INFO	h.model.UpdateCenter$DownloadJob#run: Installation successful: asm-api
2025-04-28 16:18:51.252+0000 [id=134]	INFO	h.model.UpdateCenter$DownloadJob#run: Starting the installation of json-path-api on behalf of admin
2025-04-28 16:18:51.252+0000 [id=134]	INFO	h.m.UpdateCenter$UpdateCenterConfiguration#download: Downloading json-path-api
2025-04-28 16:18:53.675+0000 [id=134]	INFO	h.model.UpdateCenter$DownloadJob#run: Installation successful: json-path-api
2025-04-28 16:18:53.675+0000 [id=134]	INFO	h.model.UpdateCenter$DownloadJob#run: Starting the installation of structs on behalf of admin
2025-04-28 16:18:53.675+0000 [id=134]	INFO	h.m.UpdateCenter$UpdateCenterConfiguration#download: Downloading structs
2025-04-28 16:18:56.494+0000 [id=134]	INFO	h.model.UpdateCenter$DownloadJob#run: Installation successful: structs
2025-04-28 16:18:56.494+0000 [id=134]	INFO	h.model.UpdateCenter$DownloadJob#run: Starting the installation of workflow-step-api on behalf of admin
2025-04-28 16:18:56.494+0000 [id=134]	INFO	h.m.UpdateCenter$UpdateCenterConfiguration#download: Downloading workflow-step-api
2025-04-28 16:18:58.767+0000 [id=134]	INFO	h.model.UpdateCenter$DownloadJob#run: Installation successful: workflow-step-api
2025-04-28 16:18:58.767+0000 [id=134]	INFO	h.model.UpdateCenter$DownloadJob#run: Starting the installation of token-macro on behalf of admin
2025-04-28 16:18:58.767+0000 [id=134]	INFO	h.m.UpdateCenter$UpdateCenterConfiguration#download: Downloading token-macro
2025-04-28 16:19:01.082+0000 [id=134]	INFO	h.model.UpdateCenter$DownloadJob#run: Installation successful: token-macro
2025-04-28 16:19:01.082+0000 [id=134]	INFO	h.model.UpdateCenter$DownloadJob#run: Starting the installation of build-timeout on behalf of admin
2025-04-28 16:19:01.082+0000 [id=134]	INFO	h.m.UpdateCenter$UpdateCenterConfiguration#download: Downloading build-timeout
2025-04-28 16:19:04.093+0000 [id=134]	INFO	h.model.UpdateCenter$DownloadJob#run: Installation successful: build-timeout
2025-04-28 16:19:04.093+0000 [id=134]	INFO	h.model.UpdateCenter$DownloadJob#run: Starting the installation of bouncycastle-api on behalf of admin
2025-04-28 16:19:04.224+0000 [id=134]	INFO	h.m.UpdateCenter$UpdateCenterConfiguration#download: Downloading bouncycastle-api
2025-04-28 16:19:10.963+0000 [id=134]	INFO	h.model.UpdateCenter$DownloadJob#run: Installation successful: bouncycastle-api
2025-04-28 16:19:10.963+0000 [id=134]	INFO	h.model.UpdateCenter$DownloadJob#run: Starting the installation of credentials on behalf of admin
2025-04-28 16:19:10.968+0000 [id=134]	INFO	h.m.UpdateCenter$UpdateCenterConfiguration#download: Downloading credentials
2025-04-28 16:19:13.666+0000 [id=134]	INFO	h.model.UpdateCenter$DownloadJob#run: Installation successful: credentials
2025-04-28 16:19:13.679+0000 [id=134]	INFO	h.model.UpdateCenter$DownloadJob#run: Starting the installation of plain-credentials on behalf of admin
2025-04-28 16:19:13.680+0000 [id=134]	INFO	h.m.UpdateCenter$UpdateCenterConfiguration#download: Downloading plain-credentials
2025-04-28 16:19:15.694+0000 [id=134]	INFO	h.model.UpdateCenter$DownloadJob#run: Installation successful: plain-credentials
2025-04-28 16:19:15.696+0000 [id=134]	INFO	h.model.UpdateCenter$DownloadJob#run: Starting the installation of variant on behalf of admin
2025-04-28 16:19:15.696+0000 [id=134]	INFO	h.m.UpdateCenter$UpdateCenterConfiguration#download: Downloading variant
2025-04-28 16:19:18.114+0000 [id=134]	INFO	h.model.UpdateCenter$DownloadJob#run: Installation successful: variant
2025-04-28 16:19:18.114+0000 [id=134]	INFO	h.model.UpdateCenter$DownloadJob#run: Starting the installation of ssh-credentials on behalf of admin
2025-04-28 16:19:18.114+0000 [id=134]	INFO	h.m.UpdateCenter$UpdateCenterConfiguration#download: Downloading ssh-credentials
2025-04-28 16:19:20.543+0000 [id=134]	INFO	h.model.UpdateCenter$DownloadJob#run: Installation successful: ssh-credentials
2025-04-28 16:19:20.543+0000 [id=134]	INFO	h.model.UpdateCenter$DownloadJob#run: Starting the installation of credentials-binding on behalf of admin
2025-04-28 16:19:20.543+0000 [id=134]	INFO	h.m.UpdateCenter$UpdateCenterConfiguration#download: Downloading credentials-binding
2025-04-28 16:19:23.479+0000 [id=134]	INFO	h.model.UpdateCenter$DownloadJob#run: Installation successful: credentials-binding
2025-04-28 16:19:23.479+0000 [id=134]	INFO	h.model.UpdateCenter$DownloadJob#run: Starting the installation of scm-api on behalf of admin
2025-04-28 16:19:23.479+0000 [id=134]	INFO	h.m.UpdateCenter$UpdateCenterConfiguration#download: Downloading scm-api
2025-04-28 16:19:25.920+0000 [id=134]	INFO	h.model.UpdateCenter$DownloadJob#run: Installation successful: scm-api
2025-04-28 16:19:25.925+0000 [id=134]	INFO	h.model.UpdateCenter$DownloadJob#run: Starting the installation of workflow-api on behalf of admin
2025-04-28 16:19:25.937+0000 [id=134]	INFO	h.m.UpdateCenter$UpdateCenterConfiguration#download: Downloading workflow-api
2025-04-28 16:19:29.263+0000 [id=134]	INFO	h.model.UpdateCenter$DownloadJob#run: Installation successful: workflow-api
2025-04-28 16:19:29.263+0000 [id=134]	INFO	h.model.UpdateCenter$DownloadJob#run: Starting the installation of commons-lang3-api on behalf of admin
2025-04-28 16:19:29.276+0000 [id=134]	INFO	h.m.UpdateCenter$UpdateCenterConfiguration#download: Downloading commons-lang3-api
2025-04-28 16:19:32.640+0000 [id=134]	INFO	h.model.UpdateCenter$DownloadJob#run: Installation successful: commons-lang3-api
2025-04-28 16:19:32.640+0000 [id=134]	INFO	h.model.UpdateCenter$DownloadJob#run: Starting the installation of timestamper on behalf of admin
2025-04-28 16:19:32.640+0000 [id=134]	INFO	h.m.UpdateCenter$UpdateCenterConfiguration#download: Downloading timestamper
2025-04-28 16:19:34.922+0000 [id=134]	INFO	h.model.UpdateCenter$DownloadJob#run: Installation successful: timestamper
2025-04-28 16:19:34.922+0000 [id=134]	INFO	h.model.UpdateCenter$DownloadJob#run: Starting the installation of caffeine-api on behalf of admin
2025-04-28 16:19:34.922+0000 [id=134]	INFO	h.m.UpdateCenter$UpdateCenterConfiguration#download: Downloading caffeine-api
2025-04-28 16:19:38.821+0000 [id=134]	INFO	h.model.UpdateCenter$DownloadJob#run: Installation successful: caffeine-api
2025-04-28 16:19:38.821+0000 [id=134]	INFO	h.model.UpdateCenter$DownloadJob#run: Starting the installation of script-security on behalf of admin
2025-04-28 16:19:38.821+0000 [id=134]	INFO	h.m.UpdateCenter$UpdateCenterConfiguration#download: Downloading script-security
2025-04-28 16:19:42.805+0000 [id=134]	INFO	h.model.UpdateCenter$DownloadJob#run: Installation successful: script-security
2025-04-28 16:19:42.805+0000 [id=134]	INFO	h.model.UpdateCenter$DownloadJob#run: Starting the installation of javax-activation-api on behalf of admin
2025-04-28 16:19:42.805+0000 [id=134]	INFO	h.m.UpdateCenter$UpdateCenterConfiguration#download: Downloading javax-activation-api
2025-04-28 16:19:45.946+0000 [id=134]	INFO	h.model.UpdateCenter$DownloadJob#run: Installation successful: javax-activation-api
2025-04-28 16:19:45.946+0000 [id=134]	INFO	h.model.UpdateCenter$DownloadJob#run: Starting the installation of jaxb on behalf of admin
2025-04-28 16:19:45.959+0000 [id=134]	INFO	h.m.UpdateCenter$UpdateCenterConfiguration#download: Downloading jaxb
2025-04-28 16:19:49.118+0000 [id=134]	INFO	h.model.UpdateCenter$DownloadJob#run: Installation successful: jaxb
2025-04-28 16:19:49.118+0000 [id=134]	INFO	h.model.UpdateCenter$DownloadJob#run: Starting the installation of snakeyaml-api on behalf of admin
2025-04-28 16:19:49.123+0000 [id=134]	INFO	h.m.UpdateCenter$UpdateCenterConfiguration#download: Downloading snakeyaml-api
2025-04-28 16:19:51.584+0000 [id=134]	INFO	h.model.UpdateCenter$DownloadJob#run: Installation successful: snakeyaml-api
2025-04-28 16:19:51.584+0000 [id=134]	INFO	h.model.UpdateCenter$DownloadJob#run: Starting the installation of json-api on behalf of admin
2025-04-28 16:19:51.584+0000 [id=134]	INFO	h.m.UpdateCenter$UpdateCenterConfiguration#download: Downloading json-api
2025-04-28 16:19:53.660+0000 [id=134]	INFO	h.model.UpdateCenter$DownloadJob#run: Installation successful: json-api
2025-04-28 16:19:53.666+0000 [id=134]	INFO	h.model.UpdateCenter$DownloadJob#run: Starting the installation of jackson2-api on behalf of admin
2025-04-28 16:19:53.757+0000 [id=134]	INFO	h.m.UpdateCenter$UpdateCenterConfiguration#download: Downloading jackson2-api
2025-04-28 16:20:00.570+0000 [id=134]	INFO	h.model.UpdateCenter$DownloadJob#run: Installation successful: jackson2-api
2025-04-28 16:20:00.570+0000 [id=134]	INFO	h.model.UpdateCenter$DownloadJob#run: Starting the installation of commons-text-api on behalf of admin
2025-04-28 16:20:00.582+0000 [id=134]	INFO	h.m.UpdateCenter$UpdateCenterConfiguration#download: Downloading commons-text-api
2025-04-28 16:20:03.366+0000 [id=134]	INFO	h.model.UpdateCenter$DownloadJob#run: Installation successful: commons-text-api
2025-04-28 16:20:03.366+0000 [id=134]	INFO	h.model.UpdateCenter$DownloadJob#run: Starting the installation of workflow-support on behalf of admin
2025-04-28 16:20:03.366+0000 [id=134]	INFO	h.m.UpdateCenter$UpdateCenterConfiguration#download: Downloading workflow-support
2025-04-28 16:20:06.277+0000 [id=134]	INFO	h.model.UpdateCenter$DownloadJob#run: Installation successful: workflow-support
2025-04-28 16:20:06.277+0000 [id=134]	INFO	h.model.UpdateCenter$DownloadJob#run: Starting the installation of plugin-util-api on behalf of admin
2025-04-28 16:20:06.277+0000 [id=134]	INFO	h.m.UpdateCenter$UpdateCenterConfiguration#download: Downloading plugin-util-api
2025-04-28 16:20:08.554+0000 [id=134]	INFO	h.model.UpdateCenter$DownloadJob#run: Installation successful: plugin-util-api
2025-04-28 16:20:08.554+0000 [id=134]	INFO	h.model.UpdateCenter$DownloadJob#run: Starting the installation of font-awesome-api on behalf of admin
2025-04-28 16:20:08.576+0000 [id=134]	INFO	h.m.UpdateCenter$UpdateCenterConfiguration#download: Downloading font-awesome-api
2025-04-28 16:20:11.905+0000 [id=134]	INFO	h.model.UpdateCenter$DownloadJob#run: Installation successful: font-awesome-api
2025-04-28 16:20:11.905+0000 [id=134]	INFO	h.model.UpdateCenter$DownloadJob#run: Starting the installation of bootstrap5-api on behalf of admin
2025-04-28 16:20:11.915+0000 [id=134]	INFO	h.m.UpdateCenter$UpdateCenterConfiguration#download: Downloading bootstrap5-api
2025-04-28 16:20:15.333+0000 [id=134]	INFO	h.model.UpdateCenter$DownloadJob#run: Installation successful: bootstrap5-api
2025-04-28 16:20:15.333+0000 [id=134]	INFO	h.model.UpdateCenter$DownloadJob#run: Starting the installation of jquery3-api on behalf of admin
2025-04-28 16:20:15.339+0000 [id=134]	INFO	h.m.UpdateCenter$UpdateCenterConfiguration#download: Downloading jquery3-api
2025-04-28 16:20:17.767+0000 [id=134]	INFO	h.model.UpdateCenter$DownloadJob#run: Installation successful: jquery3-api
2025-04-28 16:20:17.767+0000 [id=134]	INFO	h.model.UpdateCenter$DownloadJob#run: Starting the installation of echarts-api on behalf of admin
2025-04-28 16:20:17.852+0000 [id=134]	INFO	h.m.UpdateCenter$UpdateCenterConfiguration#download: Downloading echarts-api
2025-04-28 16:20:27.298+0000 [id=134]	INFO	h.model.UpdateCenter$DownloadJob#run: Installation successful: echarts-api
2025-04-28 16:20:27.298+0000 [id=134]	INFO	h.model.UpdateCenter$DownloadJob#run: Starting the installation of display-url-api on behalf of admin
2025-04-28 16:20:27.341+0000 [id=134]	INFO	h.model.UpdateCenter$DownloadJob#run: Installation successful: display-url-api
2025-04-28 16:20:27.341+0000 [id=134]	INFO	h.model.UpdateCenter$DownloadJob#run: Starting the installation of checks-api on behalf of admin
2025-04-28 16:20:27.341+0000 [id=134]	INFO	h.m.UpdateCenter$UpdateCenterConfiguration#download: Downloading checks-api
2025-04-28 16:20:30.079+0000 [id=134]	INFO	h.model.UpdateCenter$DownloadJob#run: Installation successful: checks-api
2025-04-28 16:20:30.081+0000 [id=134]	INFO	h.model.UpdateCenter$DownloadJob#run: Starting the installation of junit on behalf of admin
2025-04-28 16:20:30.091+0000 [id=134]	INFO	h.m.UpdateCenter$UpdateCenterConfiguration#download: Downloading junit
2025-04-28 16:20:33.619+0000 [id=134]	INFO	h.model.UpdateCenter$DownloadJob#run: Installation successful: junit
2025-04-28 16:20:33.619+0000 [id=134]	INFO	h.model.UpdateCenter$DownloadJob#run: Starting the installation of matrix-project on behalf of admin
2025-04-28 16:20:33.619+0000 [id=134]	INFO	h.m.UpdateCenter$UpdateCenterConfiguration#download: Downloading matrix-project
2025-04-28 16:20:36.266+0000 [id=134]	INFO	h.model.UpdateCenter$DownloadJob#run: Installation successful: matrix-project
2025-04-28 16:20:36.266+0000 [id=134]	INFO	h.model.UpdateCenter$DownloadJob#run: Starting the installation of resource-disposer on behalf of admin
2025-04-28 16:20:36.268+0000 [id=134]	INFO	h.m.UpdateCenter$UpdateCenterConfiguration#download: Downloading resource-disposer
2025-04-28 16:20:38.498+0000 [id=134]	INFO	h.model.UpdateCenter$DownloadJob#run: Installation successful: resource-disposer
2025-04-28 16:20:38.498+0000 [id=134]	INFO	h.model.UpdateCenter$DownloadJob#run: Starting the installation of ws-cleanup on behalf of admin
2025-04-28 16:20:38.498+0000 [id=134]	INFO	h.m.UpdateCenter$UpdateCenterConfiguration#download: Downloading ws-cleanup
2025-04-28 16:20:40.739+0000 [id=134]	INFO	h.model.UpdateCenter$DownloadJob#run: Installation successful: ws-cleanup
2025-04-28 16:20:40.739+0000 [id=134]	INFO	h.model.UpdateCenter$DownloadJob#run: Starting the installation of ant on behalf of admin
2025-04-28 16:20:40.743+0000 [id=134]	INFO	h.m.UpdateCenter$UpdateCenterConfiguration#download: Downloading ant
2025-04-28 16:20:43.424+0000 [id=134]	INFO	h.model.UpdateCenter$DownloadJob#run: Installation successful: ant
2025-04-28 16:20:43.424+0000 [id=134]	INFO	h.model.UpdateCenter$DownloadJob#run: Starting the installation of okhttp-api on behalf of admin
2025-04-28 16:20:43.424+0000 [id=134]	INFO	h.m.UpdateCenter$UpdateCenterConfiguration#download: Downloading okhttp-api
2025-04-28 16:20:49.061+0000 [id=134]	INFO	h.model.UpdateCenter$DownloadJob#run: Installation successful: okhttp-api
2025-04-28 16:20:49.061+0000 [id=134]	INFO	h.model.UpdateCenter$DownloadJob#run: Starting the installation of durable-task on behalf of admin
2025-04-28 16:20:49.061+0000 [id=134]	INFO	h.m.UpdateCenter$UpdateCenterConfiguration#download: Downloading durable-task
2025-04-28 16:20:58.573+0000 [id=134]	INFO	h.model.UpdateCenter$DownloadJob#run: Installation successful: durable-task
2025-04-28 16:20:58.573+0000 [id=134]	INFO	h.model.UpdateCenter$DownloadJob#run: Starting the installation of workflow-durable-task-step on behalf of admin
2025-04-28 16:20:58.573+0000 [id=134]	INFO	h.m.UpdateCenter$UpdateCenterConfiguration#download: Downloading workflow-durable-task-step
2025-04-28 16:21:00.797+0000 [id=134]	INFO	h.model.UpdateCenter$DownloadJob#run: Installation successful: workflow-durable-task-step
2025-04-28 16:21:00.797+0000 [id=134]	INFO	h.model.UpdateCenter$DownloadJob#run: Starting the installation of workflow-scm-step on behalf of admin
2025-04-28 16:21:00.797+0000 [id=134]	INFO	h.m.UpdateCenter$UpdateCenterConfiguration#download: Downloading workflow-scm-step
2025-04-28 16:21:02.892+0000 [id=134]	INFO	h.model.UpdateCenter$DownloadJob#run: Installation successful: workflow-scm-step
2025-04-28 16:21:02.892+0000 [id=134]	INFO	h.model.UpdateCenter$DownloadJob#run: Starting the installation of workflow-cps on behalf of admin
2025-04-28 16:21:02.894+0000 [id=134]	INFO	h.m.UpdateCenter$UpdateCenterConfiguration#download: Downloading workflow-cps
2025-04-28 16:21:06.013+0000 [id=134]	INFO	h.model.UpdateCenter$DownloadJob#run: Installation successful: workflow-cps
2025-04-28 16:21:06.013+0000 [id=134]	INFO	h.model.UpdateCenter$DownloadJob#run: Starting the installation of workflow-job on behalf of admin
2025-04-28 16:21:06.013+0000 [id=134]	INFO	h.m.UpdateCenter$UpdateCenterConfiguration#download: Downloading workflow-job
2025-04-28 16:21:08.027+0000 [id=134]	INFO	h.model.UpdateCenter$DownloadJob#run: Installation successful: workflow-job
2025-04-28 16:21:08.027+0000 [id=134]	INFO	h.model.UpdateCenter$DownloadJob#run: Starting the installation of jakarta-activation-api on behalf of admin
2025-04-28 16:21:08.027+0000 [id=134]	INFO	h.m.UpdateCenter$UpdateCenterConfiguration#download: Downloading jakarta-activation-api
2025-04-28 16:21:10.185+0000 [id=134]	INFO	h.model.UpdateCenter$DownloadJob#run: Installation successful: jakarta-activation-api
2025-04-28 16:21:10.185+0000 [id=134]	INFO	h.model.UpdateCenter$DownloadJob#run: Starting the installation of jakarta-mail-api on behalf of admin
2025-04-28 16:21:10.196+0000 [id=134]	INFO	h.m.UpdateCenter$UpdateCenterConfiguration#download: Downloading jakarta-mail-api
2025-04-28 16:21:13.964+0000 [id=134]	INFO	h.model.UpdateCenter$DownloadJob#run: Installation successful: jakarta-mail-api
2025-04-28 16:21:13.964+0000 [id=134]	INFO	h.model.UpdateCenter$DownloadJob#run: Starting the installation of apache-httpcomponents-client-4-api on behalf of admin
2025-04-28 16:21:13.981+0000 [id=134]	INFO	h.m.UpdateCenter$UpdateCenterConfiguration#download: Downloading apache-httpcomponents-client-4-api
2025-04-28 16:21:18.043+0000 [id=134]	INFO	h.model.UpdateCenter$DownloadJob#run: Installation successful: apache-httpcomponents-client-4-api
2025-04-28 16:21:18.043+0000 [id=134]	INFO	h.model.UpdateCenter$DownloadJob#run: Starting the installation of instance-identity on behalf of admin
2025-04-28 16:21:18.043+0000 [id=134]	INFO	h.m.UpdateCenter$UpdateCenterConfiguration#download: Downloading instance-identity
2025-04-28 16:21:19.838+0000 [id=134]	INFO	h.model.UpdateCenter$DownloadJob#run: Installation successful: instance-identity
2025-04-28 16:21:19.841+0000 [id=134]	INFO	h.model.UpdateCenter$DownloadJob#run: Starting the installation of mailer on behalf of admin
2025-04-28 16:21:19.892+0000 [id=134]	INFO	h.model.UpdateCenter$DownloadJob#run: Installation successful: mailer
2025-04-28 16:21:19.892+0000 [id=134]	INFO	h.model.UpdateCenter$DownloadJob#run: Starting the installation of workflow-basic-steps on behalf of admin
2025-04-28 16:21:19.892+0000 [id=134]	INFO	h.m.UpdateCenter$UpdateCenterConfiguration#download: Downloading workflow-basic-steps
2025-04-28 16:21:23.028+0000 [id=134]	INFO	h.model.UpdateCenter$DownloadJob#run: Installation successful: workflow-basic-steps
2025-04-28 16:21:23.028+0000 [id=134]	INFO	h.model.UpdateCenter$DownloadJob#run: Starting the installation of gradle on behalf of admin
2025-04-28 16:21:23.028+0000 [id=134]	INFO	h.m.UpdateCenter$UpdateCenterConfiguration#download: Downloading gradle
2025-04-28 16:21:26.683+0000 [id=134]	INFO	h.model.UpdateCenter$DownloadJob#run: Installation successful: gradle
2025-04-28 16:21:26.683+0000 [id=134]	INFO	h.model.UpdateCenter$DownloadJob#run: Starting the installation of pipeline-milestone-step on behalf of admin
2025-04-28 16:21:26.687+0000 [id=134]	INFO	h.m.UpdateCenter$UpdateCenterConfiguration#download: Downloading pipeline-milestone-step
2025-04-28 16:21:28.701+0000 [id=134]	INFO	h.model.UpdateCenter$DownloadJob#run: Installation successful: pipeline-milestone-step
2025-04-28 16:21:28.707+0000 [id=134]	INFO	h.model.UpdateCenter$DownloadJob#run: Starting the installation of pipeline-build-step on behalf of admin
2025-04-28 16:21:28.708+0000 [id=134]	INFO	h.m.UpdateCenter$UpdateCenterConfiguration#download: Downloading pipeline-build-step
2025-04-28 16:21:31.136+0000 [id=134]	INFO	h.model.UpdateCenter$DownloadJob#run: Installation successful: pipeline-build-step
2025-04-28 16:21:31.142+0000 [id=134]	INFO	h.model.UpdateCenter$DownloadJob#run: Starting the installation of pipeline-groovy-lib on behalf of admin
2025-04-28 16:21:31.143+0000 [id=134]	INFO	h.m.UpdateCenter$UpdateCenterConfiguration#download: Downloading pipeline-groovy-lib
2025-04-28 16:21:34.104+0000 [id=134]	INFO	h.model.UpdateCenter$DownloadJob#run: Installation successful: pipeline-groovy-lib
2025-04-28 16:21:34.104+0000 [id=134]	INFO	h.model.UpdateCenter$DownloadJob#run: Starting the installation of pipeline-stage-step on behalf of admin
2025-04-28 16:21:34.104+0000 [id=134]	INFO	h.m.UpdateCenter$UpdateCenterConfiguration#download: Downloading pipeline-stage-step
2025-04-28 16:21:35.890+0000 [id=134]	INFO	h.model.UpdateCenter$DownloadJob#run: Installation successful: pipeline-stage-step
2025-04-28 16:21:35.890+0000 [id=134]	INFO	h.model.UpdateCenter$DownloadJob#run: Starting the installation of joda-time-api on behalf of admin
2025-04-28 16:21:35.890+0000 [id=134]	INFO	h.m.UpdateCenter$UpdateCenterConfiguration#download: Downloading joda-time-api
2025-04-28 16:21:38.458+0000 [id=134]	INFO	h.model.UpdateCenter$DownloadJob#run: Installation successful: joda-time-api
2025-04-28 16:21:38.463+0000 [id=134]	INFO	h.model.UpdateCenter$DownloadJob#run: Starting the installation of pipeline-model-api on behalf of admin
2025-04-28 16:21:38.463+0000 [id=134]	INFO	h.m.UpdateCenter$UpdateCenterConfiguration#download: Downloading pipeline-model-api
2025-04-28 16:21:45.462+0000 [id=134]	INFO	h.model.UpdateCenter$DownloadJob#run: Installation successful: pipeline-model-api
2025-04-28 16:21:45.462+0000 [id=134]	INFO	h.model.UpdateCenter$DownloadJob#run: Starting the installation of pipeline-model-extensions on behalf of admin
2025-04-28 16:21:45.462+0000 [id=134]	INFO	h.m.UpdateCenter$UpdateCenterConfiguration#download: Downloading pipeline-model-extensions
2025-04-28 16:21:48.382+0000 [id=134]	INFO	h.model.UpdateCenter$DownloadJob#run: Installation successful: pipeline-model-extensions
2025-04-28 16:21:48.382+0000 [id=134]	INFO	h.model.UpdateCenter$DownloadJob#run: Starting the installation of branch-api on behalf of admin
2025-04-28 16:21:48.382+0000 [id=134]	INFO	h.m.UpdateCenter$UpdateCenterConfiguration#download: Downloading branch-api
2025-04-28 16:21:50.401+0000 [id=134]	INFO	h.model.UpdateCenter$DownloadJob#run: Installation successful: branch-api
2025-04-28 16:21:50.401+0000 [id=134]	INFO	h.model.UpdateCenter$DownloadJob#run: Starting the installation of workflow-multibranch on behalf of admin
2025-04-28 16:21:50.401+0000 [id=134]	INFO	h.m.UpdateCenter$UpdateCenterConfiguration#download: Downloading workflow-multibranch
2025-04-28 16:21:52.599+0000 [id=134]	INFO	h.model.UpdateCenter$DownloadJob#run: Installation successful: workflow-multibranch
2025-04-28 16:21:52.599+0000 [id=134]	INFO	h.model.UpdateCenter$DownloadJob#run: Starting the installation of pipeline-stage-tags-metadata on behalf of admin
2025-04-28 16:21:52.599+0000 [id=134]	INFO	h.m.UpdateCenter$UpdateCenterConfiguration#download: Downloading pipeline-stage-tags-metadata
2025-04-28 16:21:54.625+0000 [id=134]	INFO	h.model.UpdateCenter$DownloadJob#run: Installation successful: pipeline-stage-tags-metadata
2025-04-28 16:21:54.625+0000 [id=134]	INFO	h.model.UpdateCenter$DownloadJob#run: Starting the installation of pipeline-input-step on behalf of admin
2025-04-28 16:21:54.625+0000 [id=134]	INFO	h.m.UpdateCenter$UpdateCenterConfiguration#download: Downloading pipeline-input-step
2025-04-28 16:21:56.630+0000 [id=134]	INFO	h.model.UpdateCenter$DownloadJob#run: Installation successful: pipeline-input-step
2025-04-28 16:21:56.630+0000 [id=134]	INFO	h.model.UpdateCenter$DownloadJob#run: Starting the installation of pipeline-model-definition on behalf of admin
2025-04-28 16:21:56.630+0000 [id=134]	INFO	h.m.UpdateCenter$UpdateCenterConfiguration#download: Downloading pipeline-model-definition
2025-04-28 16:21:59.942+0000 [id=134]	INFO	h.model.UpdateCenter$DownloadJob#run: Installation successful: pipeline-model-definition
2025-04-28 16:21:59.942+0000 [id=134]	INFO	h.model.UpdateCenter$DownloadJob#run: Starting the installation of workflow-aggregator on behalf of admin
2025-04-28 16:21:59.942+0000 [id=134]	INFO	h.m.UpdateCenter$UpdateCenterConfiguration#download: Downloading workflow-aggregator
2025-04-28 16:22:01.939+0000 [id=134]	INFO	h.model.UpdateCenter$DownloadJob#run: Installation successful: workflow-aggregator
2025-04-28 16:22:01.939+0000 [id=134]	INFO	h.model.UpdateCenter$DownloadJob#run: Starting the installation of jjwt-api on behalf of admin
2025-04-28 16:22:01.939+0000 [id=134]	INFO	h.m.UpdateCenter$UpdateCenterConfiguration#download: Downloading jjwt-api
2025-04-28 16:22:04.373+0000 [id=134]	INFO	h.model.UpdateCenter$DownloadJob#run: Installation successful: jjwt-api
2025-04-28 16:22:04.373+0000 [id=134]	INFO	h.model.UpdateCenter$DownloadJob#run: Starting the installation of github-api on behalf of admin
2025-04-28 16:22:04.373+0000 [id=134]	INFO	h.m.UpdateCenter$UpdateCenterConfiguration#download: Downloading github-api
2025-04-28 16:22:07.118+0000 [id=134]	INFO	h.model.UpdateCenter$DownloadJob#run: Installation successful: github-api
2025-04-28 16:22:07.119+0000 [id=134]	INFO	h.model.UpdateCenter$DownloadJob#run: Starting the installation of mina-sshd-api-common on behalf of admin
2025-04-28 16:22:07.126+0000 [id=134]	INFO	h.m.UpdateCenter$UpdateCenterConfiguration#download: Downloading mina-sshd-api-common
2025-04-28 16:22:09.684+0000 [id=134]	INFO	h.model.UpdateCenter$DownloadJob#run: Installation successful: mina-sshd-api-common
2025-04-28 16:22:09.684+0000 [id=134]	INFO	h.model.UpdateCenter$DownloadJob#run: Starting the installation of mina-sshd-api-core on behalf of admin
2025-04-28 16:22:09.704+0000 [id=134]	INFO	h.m.UpdateCenter$UpdateCenterConfiguration#download: Downloading mina-sshd-api-core
2025-04-28 16:22:12.762+0000 [id=134]	INFO	h.model.UpdateCenter$DownloadJob#run: Installation successful: mina-sshd-api-core
2025-04-28 16:22:12.762+0000 [id=134]	INFO	h.model.UpdateCenter$DownloadJob#run: Starting the installation of gson-api on behalf of admin
2025-04-28 16:22:12.762+0000 [id=134]	INFO	h.m.UpdateCenter$UpdateCenterConfiguration#download: Downloading gson-api
2025-04-28 16:22:14.973+0000 [id=134]	INFO	h.model.UpdateCenter$DownloadJob#run: Installation successful: gson-api
2025-04-28 16:22:14.973+0000 [id=134]	INFO	h.model.UpdateCenter$DownloadJob#run: Starting the installation of git-client on behalf of admin
2025-04-28 16:22:14.973+0000 [id=134]	INFO	h.m.UpdateCenter$UpdateCenterConfiguration#download: Downloading git-client
2025-04-28 16:22:18.794+0000 [id=134]	INFO	h.model.UpdateCenter$DownloadJob#run: Installation successful: git-client
2025-04-28 16:22:18.794+0000 [id=134]	INFO	h.model.UpdateCenter$DownloadJob#run: Starting the installation of git on behalf of admin
2025-04-28 16:22:18.794+0000 [id=134]	INFO	h.m.UpdateCenter$UpdateCenterConfiguration#download: Downloading git
2025-04-28 16:22:21.470+0000 [id=134]	INFO	h.model.UpdateCenter$DownloadJob#run: Installation successful: git
2025-04-28 16:22:21.470+0000 [id=134]	INFO	h.model.UpdateCenter$DownloadJob#run: Starting the installation of github on behalf of admin
2025-04-28 16:22:21.470+0000 [id=134]	INFO	h.m.UpdateCenter$UpdateCenterConfiguration#download: Downloading github
2025-04-28 16:22:23.600+0000 [id=134]	INFO	h.model.UpdateCenter$DownloadJob#run: Installation successful: github
2025-04-28 16:22:23.600+0000 [id=134]	INFO	h.model.UpdateCenter$DownloadJob#run: Starting the installation of github-branch-source on behalf of admin
2025-04-28 16:22:23.600+0000 [id=134]	INFO	h.m.UpdateCenter$UpdateCenterConfiguration#download: Downloading github-branch-source
2025-04-28 16:22:25.726+0000 [id=134]	INFO	h.model.UpdateCenter$DownloadJob#run: Installation successful: github-branch-source
2025-04-28 16:22:25.726+0000 [id=134]	INFO	h.model.UpdateCenter$DownloadJob#run: Starting the installation of pipeline-github-lib on behalf of admin
2025-04-28 16:22:25.726+0000 [id=134]	INFO	h.m.UpdateCenter$UpdateCenterConfiguration#download: Downloading pipeline-github-lib
2025-04-28 16:22:27.500+0000 [id=134]	INFO	h.model.UpdateCenter$DownloadJob#run: Installation successful: pipeline-github-lib
2025-04-28 16:22:27.500+0000 [id=134]	INFO	h.model.UpdateCenter$DownloadJob#run: Starting the installation of pipeline-graph-analysis on behalf of admin
2025-04-28 16:22:27.500+0000 [id=134]	INFO	h.m.UpdateCenter$UpdateCenterConfiguration#download: Downloading pipeline-graph-analysis
2025-04-28 16:22:29.708+0000 [id=134]	INFO	h.model.UpdateCenter$DownloadJob#run: Installation successful: pipeline-graph-analysis
2025-04-28 16:22:29.708+0000 [id=134]	INFO	h.model.UpdateCenter$DownloadJob#run: Starting the installation of metrics on behalf of admin
2025-04-28 16:22:29.708+0000 [id=134]	INFO	h.m.UpdateCenter$UpdateCenterConfiguration#download: Downloading metrics
2025-04-28 16:22:32.886+0000 [id=134]	INFO	h.model.UpdateCenter$DownloadJob#run: Installation successful: metrics
2025-04-28 16:22:32.886+0000 [id=134]	INFO	h.model.UpdateCenter$DownloadJob#run: Starting the installation of pipeline-graph-view on behalf of admin
2025-04-28 16:22:32.886+0000 [id=134]	INFO	h.m.UpdateCenter$UpdateCenterConfiguration#download: Downloading pipeline-graph-view
2025-04-28 16:22:35.308+0000 [id=134]	INFO	h.model.UpdateCenter$DownloadJob#run: Installation successful: pipeline-graph-view
2025-04-28 16:22:35.308+0000 [id=134]	INFO	h.model.UpdateCenter$DownloadJob#run: Starting the installation of git on behalf of admin
2025-04-28 16:22:35.308+0000 [id=134]	INFO	h.m.UpdateCenter$InstallationJob#_run: Skipping duplicate install of: Git@5.7.0
2025-04-28 16:22:35.308+0000 [id=134]	INFO	h.model.UpdateCenter$DownloadJob#run: Installation successful: git
2025-04-28 16:22:35.308+0000 [id=134]	INFO	h.model.UpdateCenter$DownloadJob#run: Starting the installation of eddsa-api on behalf of admin
2025-04-28 16:22:35.310+0000 [id=134]	INFO	h.m.UpdateCenter$UpdateCenterConfiguration#download: Downloading eddsa-api
2025-04-28 16:22:37.958+0000 [id=134]	INFO	h.model.UpdateCenter$DownloadJob#run: Installation successful: eddsa-api
2025-04-28 16:22:37.958+0000 [id=134]	INFO	h.model.UpdateCenter$DownloadJob#run: Starting the installation of trilead-api on behalf of admin
2025-04-28 16:22:37.997+0000 [id=134]	INFO	h.m.UpdateCenter$UpdateCenterConfiguration#download: Downloading trilead-api
2025-04-28 16:22:41.202+0000 [id=134]	INFO	h.model.UpdateCenter$DownloadJob#run: Installation successful: trilead-api
2025-04-28 16:22:41.202+0000 [id=134]	INFO	h.model.UpdateCenter$DownloadJob#run: Starting the installation of ssh-slaves on behalf of admin
2025-04-28 16:22:41.203+0000 [id=134]	INFO	h.m.UpdateCenter$UpdateCenterConfiguration#download: Downloading ssh-slaves
2025-04-28 16:22:43.741+0000 [id=134]	INFO	h.model.UpdateCenter$DownloadJob#run: Installation successful: ssh-slaves
2025-04-28 16:22:43.741+0000 [id=134]	INFO	h.model.UpdateCenter$DownloadJob#run: Starting the installation of matrix-auth on behalf of admin
2025-04-28 16:22:43.749+0000 [id=134]	INFO	h.m.UpdateCenter$UpdateCenterConfiguration#download: Downloading matrix-auth
2025-04-28 16:22:46.108+0000 [id=134]	INFO	h.model.UpdateCenter$DownloadJob#run: Installation successful: matrix-auth
2025-04-28 16:22:46.108+0000 [id=134]	INFO	h.model.UpdateCenter$DownloadJob#run: Starting the installation of pam-auth on behalf of admin
2025-04-28 16:22:46.108+0000 [id=134]	INFO	h.m.UpdateCenter$UpdateCenterConfiguration#download: Downloading pam-auth
2025-04-28 16:22:48.195+0000 [id=134]	INFO	h.model.UpdateCenter$DownloadJob#run: Installation successful: pam-auth
2025-04-28 16:22:48.195+0000 [id=134]	INFO	h.model.UpdateCenter$DownloadJob#run: Starting the installation of ldap on behalf of admin
2025-04-28 16:22:48.195+0000 [id=134]	INFO	h.m.UpdateCenter$UpdateCenterConfiguration#download: Downloading ldap
2025-04-28 16:22:51.706+0000 [id=134]	INFO	h.model.UpdateCenter$DownloadJob#run: Installation successful: ldap
2025-04-28 16:22:51.706+0000 [id=134]	INFO	h.model.UpdateCenter$DownloadJob#run: Starting the installation of email-ext on behalf of admin
2025-04-28 16:22:51.706+0000 [id=134]	INFO	h.m.UpdateCenter$UpdateCenterConfiguration#download: Downloading email-ext
2025-04-28 16:22:54.862+0000 [id=134]	INFO	h.model.UpdateCenter$DownloadJob#run: Installation successful: email-ext
2025-04-28 16:22:54.862+0000 [id=134]	INFO	h.model.UpdateCenter$DownloadJob#run: Starting the installation of mailer on behalf of admin
2025-04-28 16:22:54.862+0000 [id=134]	INFO	h.m.UpdateCenter$InstallationJob#_run: Skipping duplicate install of: Mailer@489.vd4b_25144138f
2025-04-28 16:22:54.862+0000 [id=134]	INFO	h.model.UpdateCenter$DownloadJob#run: Installation successful: mailer
2025-04-28 16:22:54.862+0000 [id=134]	INFO	h.model.UpdateCenter$DownloadJob#run: Starting the installation of theme-manager on behalf of admin
2025-04-28 16:22:54.862+0000 [id=134]	INFO	h.m.UpdateCenter$UpdateCenterConfiguration#download: Downloading theme-manager
2025-04-28 16:22:56.704+0000 [id=134]	INFO	h.model.UpdateCenter$DownloadJob#run: Installation successful: theme-manager
2025-04-28 16:22:56.704+0000 [id=134]	INFO	h.model.UpdateCenter$DownloadJob#run: Starting the installation of dark-theme on behalf of admin
2025-04-28 16:22:56.704+0000 [id=134]	INFO	h.m.UpdateCenter$UpdateCenterConfiguration#download: Downloading dark-theme
2025-04-28 16:22:58.670+0000 [id=134]	INFO	h.model.UpdateCenter$DownloadJob#run: Installation successful: dark-theme
2025-04-28 16:22:58.670+0000 [id=134]	INFO	h.m.UpdateCenter$CompleteBatchJob#run: Completing installing of plugin batch…
2025-04-28 16:23:02.596+0000 [id=134]	INFO	h.p.b.g.GlobalTimeOutConfiguration#load: global timeout not set
2025-04-28 16:23:05.109+0000 [id=134]	INFO	h.m.DownloadService$Downloadable#load: Obtained the updated data file for hudson.tasks.Ant.AntInstaller
2025-04-28 16:23:08.133+0000 [id=134]	INFO	h.m.DownloadService$Downloadable#load: Obtained the updated data file for hudson.plugins.gradle.GradleInstaller
2025-04-28 16:23:09.173+0000 [id=368]	INFO	jenkins.InitReactorRunner$1#onAttained: Started initialization
2025-04-28 16:23:09.177+0000 [id=381]	INFO	jenkins.InitReactorRunner$1#onAttained: Listed all plugins
2025-04-28 16:23:09.184+0000 [id=385]	INFO	jenkins.InitReactorRunner$1#onAttained: Prepared all plugins
2025-04-28 16:23:09.215+0000 [id=395]	INFO	jenkins.InitReactorRunner$1#onAttained: Started all plugins
2025-04-28 16:23:09.215+0000 [id=368]	INFO	jenkins.InitReactorRunner$1#onAttained: Augmented all extensions
2025-04-28 16:23:09.223+0000 [id=379]	INFO	jenkins.InitReactorRunner$1#onAttained: System config loaded
2025-04-28 16:23:09.223+0000 [id=379]	INFO	jenkins.InitReactorRunner$1#onAttained: System config adapted
2025-04-28 16:23:09.340+0000 [id=373]	INFO	jenkins.InitReactorRunner$1#onAttained: Loaded all jobs
2025-04-28 16:23:09.340+0000 [id=399]	INFO	jenkins.InitReactorRunner$1#onAttained: Configuration for all jobs updated
2025-04-28 16:23:10.019+0000 [id=388]	INFO	jenkins.InitReactorRunner$1#onAttained: Completed initialization
2025-04-28 16:23:10.027+0000 [id=134]	INFO	h.m.UpdateCenter$CompleteBatchJob#run: Completed installation of 88 plugins in 4 min 30 sec
